<?xml version="1.0" encoding="UTF-8"?>
<!-- Generated by org.testng.reporters.JUnitXMLReporter -->
<testsuite ignored="0" hostname="RysunLabss-Pune-1626-Mac-mini.local" failures="1" tests="1" name="Surefire test" time="0.564" errors="0" timestamp="2024-04-02T14:46:55 IST">
  <testcase classname="io.cucumber.testng.AbstractTestNGCucumberTests" name="runScenario" time="0.482">
    <failure type="org.openqa.selenium.SessionNotCreatedException" message="Could not start a new session. Response code 500. Message: An unknown server-side error occurred while processing the command. Original error: The application at &amp;apos;/Users/qa/IdeaProjects/VCShowroomAppiumBDDFramework//src//test//java//resources//VCShowroomApp_Stage.app&amp;apos; does not exist or is not accessible 
Host info: host: &amp;apos;RysunLabss-Pune-1626-Mac-mini.local&amp;apos;, ip: &amp;apos;127.0.0.1&amp;apos;
Build info: version: &amp;apos;4.19.1&amp;apos;, revision: &amp;apos;abe0ee07dc&amp;apos;
System info: os.name: &amp;apos;Mac OS X&amp;apos;, os.arch: &amp;apos;aarch64&amp;apos;, os.version: &amp;apos;14.2.1&amp;apos;, java.version: &amp;apos;21.0.2&amp;apos;
Driver info: io.appium.java_client.ios.IOSDriver
Command: [null, newSession {capabilities=[{platformName=IOS, appium:automationName=XCuiTest, appium:deviceName=iPad (10th generation), appium:wdaLaunchTimeout=20000, appium:platformVersion=17.2, appium:app=/Users/qa/IdeaProjects/VCShowroomAppiumBDDFramework//src//test//java//resources//VCShowroomApp_Stage.app}], desiredCapabilities=Capabilities {appium:app: /Users/qa/IdeaProjects/VCSh..., appium:automationName: XCuiTest, appium:deviceName: iPad (10th generation), appium:platformVersion: 17.2, appium:wdaLaunchTimeout: 20000, platformName: IOS}}]
Capabilities {appium:app: /Users/qa/IdeaProjects/VCSh..., appium:automationName: XCuiTest, appium:deviceName: iPad (10th generation), appium:platformVersion: 17.2, appium:wdaLaunchTimeout: 20000, platformName: IOS}">
      <![CDATA[org.openqa.selenium.SessionNotCreatedException: Could not start a new session. Response code 500. Message: An unknown server-side error occurred while processing the command. Original error: The application at '/Users/qa/IdeaProjects/VCShowroomAppiumBDDFramework//src//test//java//resources//VCShowroomApp_Stage.app' does not exist or is not accessible 
Host info: host: 'RysunLabss-Pune-1626-Mac-mini.local', ip: '127.0.0.1'
Build info: version: '4.19.1', revision: 'abe0ee07dc'
System info: os.name: 'Mac OS X', os.arch: 'aarch64', os.version: '14.2.1', java.version: '21.0.2'
Driver info: io.appium.java_client.ios.IOSDriver
Command: [null, newSession {capabilities=[{platformName=IOS, appium:automationName=XCuiTest, appium:deviceName=iPad (10th generation), appium:wdaLaunchTimeout=20000, appium:platformVersion=17.2, appium:app=/Users/qa/IdeaProjects/VCShowroomAppiumBDDFramework//src//test//java//resources//VCShowroomApp_Stage.app}], desiredCapabilities=Capabilities {appium:app: /Users/qa/IdeaProjects/VCSh..., appium:automationName: XCuiTest, appium:deviceName: iPad (10th generation), appium:platformVersion: 17.2, appium:wdaLaunchTimeout: 20000, platformName: IOS}}]
Capabilities {appium:app: /Users/qa/IdeaProjects/VCSh..., appium:automationName: XCuiTest, appium:deviceName: iPad (10th generation), appium:platformVersion: 17.2, appium:wdaLaunchTimeout: 20000, platformName: IOS}
at org.openqa.selenium.remote.ProtocolHandshake.createSession(ProtocolHandshake.java:114)
at io.appium.java_client.remote.AppiumProtocolHandshake.createSession(AppiumProtocolHandshake.java:116)
at io.appium.java_client.remote.AppiumProtocolHandshake.createSession(AppiumProtocolHandshake.java:96)
at io.appium.java_client.remote.AppiumCommandExecutor.createSession(AppiumCommandExecutor.java:176)
at io.appium.java_client.remote.AppiumCommandExecutor.execute(AppiumCommandExecutor.java:237)
at org.openqa.selenium.remote.RemoteWebDriver.execute(RemoteWebDriver.java:518)
at io.appium.java_client.AppiumDriver.startSession(AppiumDriver.java:268)
at org.openqa.selenium.remote.RemoteWebDriver.<init>(RemoteWebDriver.java:161)
at io.appium.java_client.AppiumDriver.<init>(AppiumDriver.java:90)
at io.appium.java_client.AppiumDriver.<init>(AppiumDriver.java:102)
at io.appium.java_client.ios.IOSDriver.<init>(IOSDriver.java:101)
at testUtils.IOSBaseTest.ConfigurationAppium(IOSBaseTest.java:72)
at stepDefinitions.InstallAppStepDef.user_has_installed_the_i_os_mobile_app(InstallAppStepDef.java:13)
at ✽.User has installed the iOS mobile app(file:///Users/qa/IdeaProjects/VCShowroomAppiumBDDFramework/src/test/resources/features/E2EVCSmokeTC.feature:5)
... Removed 2 stack frames]]>
    </failure>
  </testcase> <!-- runScenario -->
</testsuite> <!-- Surefire test -->
