<?xml version="1.0" encoding="UTF-8"?>
<testng-results ignored="0" total="1" passed="0" failed="1" skipped="0">
  <reporter-output>
  </reporter-output>
  <suite started-at="2024-04-02T14:46:55 IST" name="Surefire suite" finished-at="2024-04-02T14:46:55 IST" duration-ms="564">
    <groups>
      <group name="cucumber">
        <method signature="AbstractTestNGCucumberTests.runScenario(io.cucumber.testng.PickleWrapper,io.cucumber.testng.FeatureWrapper)[pri:0, instance:runner.TestRunner@71c8becc]" name="runScenario" class="io.cucumber.testng.AbstractTestNGCucumberTests"/>
      </group> <!-- cucumber -->
    </groups>
    <test started-at="2024-04-02T14:46:55 IST" name="Surefire test" finished-at="2024-04-02T14:46:55 IST" duration-ms="564">
      <class name="runner.TestRunner">
        <test-method is-config="true" signature="setUpClass(org.testng.ITestContext)[pri:0, instance:runner.TestRunner@71c8becc]" started-at="2024-04-02T14:46:55 IST" name="setUpClass" finished-at="2024-04-02T14:46:55 IST" duration-ms="68" status="PASS">
          <params>
            <param index="0">
              <value>
                <![CDATA[org.testng.TestRunner@769a1df5]]>
              </value>
            </param>
          </params>
          <reporter-output>
          </reporter-output>
        </test-method> <!-- setUpClass -->
        <test-method signature="runScenario(io.cucumber.testng.PickleWrapper,io.cucumber.testng.FeatureWrapper)[pri:0, instance:runner.TestRunner@71c8becc]" started-at="2024-04-02T14:46:55 IST" name="runScenario" description="Runs Cucumber Scenarios" data-provider="scenarios" finished-at="2024-04-02T14:46:55 IST" duration-ms="482" status="FAIL">
          <params>
            <param index="0">
              <value>
                <![CDATA["Install iOS app, search product, and create new project"]]>
              </value>
            </param>
            <param index="1">
              <value>
                <![CDATA["VCShowroom test cases for Login,search and create new project Feature"]]>
              </value>
            </param>
          </params>
          <exception class="org.openqa.selenium.SessionNotCreatedException">
            <message>
              <![CDATA[Could not start a new session. Response code 500. Message: An unknown server-side error occurred while processing the command. Original error: The application at '/Users/qa/IdeaProjects/VCShowroomAppiumBDDFramework//src//test//java//resources//VCShowroomApp_Stage.app' does not exist or is not accessible 
Host info: host: 'RysunLabss-Pune-1626-Mac-mini.local', ip: '127.0.0.1'
Build info: version: '4.19.1', revision: 'abe0ee07dc'
System info: os.name: 'Mac OS X', os.arch: 'aarch64', os.version: '14.2.1', java.version: '21.0.2'
Driver info: io.appium.java_client.ios.IOSDriver
Command: [null, newSession {capabilities=[{platformName=IOS, appium:automationName=XCuiTest, appium:deviceName=iPad (10th generation), appium:wdaLaunchTimeout=20000, appium:platformVersion=17.2, appium:app=/Users/qa/IdeaProjects/VCShowroomAppiumBDDFramework//src//test//java//resources//VCShowroomApp_Stage.app}], desiredCapabilities=Capabilities {appium:app: /Users/qa/IdeaProjects/VCSh..., appium:automationName: XCuiTest, appium:deviceName: iPad (10th generation), appium:platformVersion: 17.2, appium:wdaLaunchTimeout: 20000, platformName: IOS}}]
Capabilities {appium:app: /Users/qa/IdeaProjects/VCSh..., appium:automationName: XCuiTest, appium:deviceName: iPad (10th generation), appium:platformVersion: 17.2, appium:wdaLaunchTimeout: 20000, platformName: IOS}]]>
            </message>
            <full-stacktrace>
              <![CDATA[org.openqa.selenium.SessionNotCreatedException: Could not start a new session. Response code 500. Message: An unknown server-side error occurred while processing the command. Original error: The application at '/Users/qa/IdeaProjects/VCShowroomAppiumBDDFramework//src//test//java//resources//VCShowroomApp_Stage.app' does not exist or is not accessible 
Host info: host: 'RysunLabss-Pune-1626-Mac-mini.local', ip: '127.0.0.1'
Build info: version: '4.19.1', revision: 'abe0ee07dc'
System info: os.name: 'Mac OS X', os.arch: 'aarch64', os.version: '14.2.1', java.version: '21.0.2'
Driver info: io.appium.java_client.ios.IOSDriver
Command: [null, newSession {capabilities=[{platformName=IOS, appium:automationName=XCuiTest, appium:deviceName=iPad (10th generation), appium:wdaLaunchTimeout=20000, appium:platformVersion=17.2, appium:app=/Users/qa/IdeaProjects/VCShowroomAppiumBDDFramework//src//test//java//resources//VCShowroomApp_Stage.app}], desiredCapabilities=Capabilities {appium:app: /Users/qa/IdeaProjects/VCSh..., appium:automationName: XCuiTest, appium:deviceName: iPad (10th generation), appium:platformVersion: 17.2, appium:wdaLaunchTimeout: 20000, platformName: IOS}}]
Capabilities {appium:app: /Users/qa/IdeaProjects/VCSh..., appium:automationName: XCuiTest, appium:deviceName: iPad (10th generation), appium:platformVersion: 17.2, appium:wdaLaunchTimeout: 20000, platformName: IOS}
at org.openqa.selenium.remote.ProtocolHandshake.createSession(ProtocolHandshake.java:114)
at java.base/jdk.internal.reflect.DirectMethodHandleAccessor.invoke(DirectMethodHandleAccessor.java:103)
at java.base/java.lang.reflect.Method.invoke(Method.java:580)
at io.appium.java_client.remote.AppiumProtocolHandshake.createSession(AppiumProtocolHandshake.java:116)
at io.appium.java_client.remote.AppiumProtocolHandshake.createSession(AppiumProtocolHandshake.java:96)
at io.appium.java_client.remote.AppiumCommandExecutor.createSession(AppiumCommandExecutor.java:176)
at io.appium.java_client.remote.AppiumCommandExecutor.execute(AppiumCommandExecutor.java:237)
at org.openqa.selenium.remote.RemoteWebDriver.execute(RemoteWebDriver.java:518)
at io.appium.java_client.AppiumDriver.startSession(AppiumDriver.java:268)
at org.openqa.selenium.remote.RemoteWebDriver.<init>(RemoteWebDriver.java:161)
at io.appium.java_client.AppiumDriver.<init>(AppiumDriver.java:90)
at io.appium.java_client.AppiumDriver.<init>(AppiumDriver.java:102)
at io.appium.java_client.ios.IOSDriver.<init>(IOSDriver.java:101)
at testUtils.IOSBaseTest.ConfigurationAppium(IOSBaseTest.java:72)
at stepDefinitions.InstallAppStepDef.user_has_installed_the_i_os_mobile_app(InstallAppStepDef.java:13)
at ✽.User has installed the iOS mobile app(file:///Users/qa/IdeaProjects/VCShowroomAppiumBDDFramework/src/test/resources/features/E2EVCSmokeTC.feature:5)
]]>
            </full-stacktrace>
          </exception> <!-- org.openqa.selenium.SessionNotCreatedException -->
          <reporter-output>
          </reporter-output>
        </test-method> <!-- runScenario -->
        <test-method is-config="true" signature="tearDownClass()[pri:0, instance:runner.TestRunner@71c8becc]" started-at="2024-04-02T14:46:55 IST" name="tearDownClass" finished-at="2024-04-02T14:46:55 IST" duration-ms="0" status="PASS">
          <reporter-output>
          </reporter-output>
        </test-method> <!-- tearDownClass -->
      </class> <!-- runner.TestRunner -->
    </test> <!-- Surefire test -->
  </suite> <!-- Surefire suite -->
</testng-results>
