<?xml version="1.0" encoding="UTF-8"?>
<testsuite xmlns:xsi="http://www.w3.org/2001/XMLSchema-instance" xsi:noNamespaceSchemaLocation="https://maven.apache.org/surefire/maven-surefire-plugin/xsd/surefire-test-report-3.0.xsd" version="3.0" name="TestSuite" time="0.741" tests="1" errors="0" skipped="0" failures="1">
  <properties>
[...]
</properties>
  <testcase name="runScenario[&quot;Install iOS app, search product, and create new project&quot;, &quot;VCShowroom test cases for Login,search and create new project Feature&quot;](1)" classname="runner.TestRunner" time="0.484">
    <failure message="Could not start a new session. Response code 500. Message: An unknown server-side error occurred while processing the command. Original error: The application at &apos;/Users/qa/IdeaProjects/VCShowroomAppiumBDDFramework//src//test//java//resources//VCShowroomApp_Stage.app&apos; does not exist or is not accessible &#10;Host info: host: &apos;RysunLabss-Pune-1626-Mac-mini.local&apos;, ip: &apos;127.0.0.1&apos;&#10;Build info: version: &apos;4.19.1&apos;, revision: &apos;abe0ee07dc&apos;&#10;System info: os.name: &apos;Mac OS X&apos;, os.arch: &apos;aarch64&apos;, os.version: &apos;14.2.1&apos;, java.version: &apos;21.0.2&apos;&#10;Driver info: io.appium.java_client.ios.IOSDriver&#10;Command: [null, newSession {capabilities=[{platformName=IOS, appium:automationName=XCuiTest, appium:deviceName=iPad (10th generation), appium:wdaLaunchTimeout=20000, appium:platformVersion=17.2, appium:app=/Users/qa/IdeaProjects/VCShowroomAppiumBDDFramework//src//test//java//resources//VCShowroomApp_Stage.app}], desiredCapabilities=Capabilities {appium:app: /Users/qa/IdeaProjects/VCSh..., appium:automationName: XCuiTest, appium:deviceName: iPad (10th generation), appium:platformVersion: 17.2, appium:wdaLaunchTimeout: 20000, platformName: IOS}}]&#10;Capabilities {appium:app: /Users/qa/IdeaProjects/VCSh..., appium:automationName: XCuiTest, appium:deviceName: iPad (10th generation), appium:platformVersion: 17.2, appium:wdaLaunchTimeout: 20000, platformName: IOS}" type="org.openqa.selenium.SessionNotCreatedException"><![CDATA[org.openqa.selenium.SessionNotCreatedException: 
Could not start a new session. Response code 500. Message: An unknown server-side error occurred while processing the command. Original error: The application at '/Users/qa/IdeaProjects/VCShowroomAppiumBDDFramework//src//test//java//resources//VCShowroomApp_Stage.app' does not exist or is not accessible 
Host info: host: 'RysunLabss-Pune-1626-Mac-mini.local', ip: '127.0.0.1'
Build info: version: '4.19.1', revision: 'abe0ee07dc'
System info: os.name: 'Mac OS X', os.arch: 'aarch64', os.version: '14.2.1', java.version: '21.0.2'
Driver info: io.appium.java_client.ios.IOSDriver
Command: [null, newSession {capabilities=[{platformName=IOS, appium:automationName=XCuiTest, appium:deviceName=iPad (10th generation), appium:wdaLaunchTimeout=20000, appium:platformVersion=17.2, appium:app=/Users/qa/IdeaProjects/VCShowroomAppiumBDDFramework//src//test//java//resources//VCShowroomApp_Stage.app}], desiredCapabilities=Capabilities {appium:app: /Users/qa/IdeaProjects/VCSh..., appium:automationName: XCuiTest, appium:deviceName: iPad (10th generation), appium:platformVersion: 17.2, appium:wdaLaunchTimeout: 20000, platformName: IOS}}]
Capabilities {appium:app: /Users/qa/IdeaProjects/VCSh..., appium:automationName: XCuiTest, appium:deviceName: iPad (10th generation), appium:platformVersion: 17.2, appium:wdaLaunchTimeout: 20000, platformName: IOS}
	at org.openqa.selenium.remote.ProtocolHandshake.createSession(ProtocolHandshake.java:114)
	at java.base/jdk.internal.reflect.DirectMethodHandleAccessor.invoke(DirectMethodHandleAccessor.java:103)
	at java.base/java.lang.reflect.Method.invoke(Method.java:580)
	at io.appium.java_client.remote.AppiumProtocolHandshake.createSession(AppiumProtocolHandshake.java:116)
	at io.appium.java_client.remote.AppiumProtocolHandshake.createSession(AppiumProtocolHandshake.java:96)
	at io.appium.java_client.remote.AppiumCommandExecutor.createSession(AppiumCommandExecutor.java:176)
	at io.appium.java_client.remote.AppiumCommandExecutor.execute(AppiumCommandExecutor.java:237)
	at org.openqa.selenium.remote.RemoteWebDriver.execute(RemoteWebDriver.java:518)
	at io.appium.java_client.AppiumDriver.startSession(AppiumDriver.java:268)
	at org.openqa.selenium.remote.RemoteWebDriver.<init>(RemoteWebDriver.java:161)
	at io.appium.java_client.AppiumDriver.<init>(AppiumDriver.java:90)
	at io.appium.java_client.AppiumDriver.<init>(AppiumDriver.java:102)
	at io.appium.java_client.ios.IOSDriver.<init>(IOSDriver.java:101)
	at testUtils.IOSBaseTest.ConfigurationAppium(IOSBaseTest.java:72)
	at stepDefinitions.InstallAppStepDef.user_has_installed_the_i_os_mobile_app(InstallAppStepDef.java:13)
	at ✽.User has installed the iOS mobile app(file:///Users/qa/IdeaProjects/VCShowroomAppiumBDDFramework/src/test/resources/features/E2EVCSmokeTC.feature:5)
]]></failure>
    <system-out><![CDATA[&amp#27;[35m[Appium]&amp#27;[39m Welcome to Appium v2.4.1
&amp#27;[35m[Appium]&amp#27;[39m Non-default server args:
&amp#27;[35m[Appium]&amp#27;[39m { address: &amp#27;[32m'127.0.0.1'&amp#27;[39m }
&amp#27;[35m[Appium]&amp#27;[39m The autodetected Appium home path: /Users/qa/.appium
&amp#27;[35m[Appium]&amp#27;[39m Attempting to load driver xcuitest...
&amp#27;[35m[Appium]&amp#27;[39m Requiring driver at /Users/qa/.appium/node_modules/appium-xcuitest-driver/build/index.js
]]></system-out>
    <system-err><![CDATA[SLF4J: Failed to load class "org.slf4j.impl.StaticLoggerBinder".
SLF4J: Defaulting to no-operation (NOP) logger implementation
SLF4J: See http://www.slf4j.org/codes.html#StaticLoggerBinder for further details.
]]></system-err>
  </testcase>
</testsuite>