<?xml version="1.0" encoding="UTF-8"?>
<!-- Generated by org.testng.reporters.JUnitReportReporter -->
<testsuite hostname="RysunLabss-Pune-1626-Mac-mini.local" failures="0" tests="1" name="runner.TestRunner" time="0.482" errors="1" timestamp="2024-04-02T14:46:55 IST" skipped="0">
  <testcase classname="runner.TestRunner" name="runScenario" time="0.482">
    <error message="Could not start a new session. Response code 500. Message: An unknown server-side error occurred while processing the command. Original error: The application at &#039;/Users/qa/IdeaProjects/VCShowroomAppiumBDDFramework//src//test//java//resources//VCShowroomApp_Stage.app&#039; does not exist or is not accessible 
Host info: host: &#039;RysunLabss-Pune-1626-Mac-mini.local&#039;, ip: &#039;127.0.0.1&#039;
Build info: version: &#039;4.19.1&#039;, revision: &#039;abe0ee07dc&#039;
System info: os.name: &#039;Mac OS X&#039;, os.arch: &#039;aarch64&#039;, os.version: &#039;14.2.1&#039;, java.version: &#039;21.0.2&#039;
Driver info: io.appium.java_client.ios.IOSDriver
Command: [null, newSession {capabilities=[{platformName=IOS, appium:automationName=XCuiTest, appium:deviceName=iPad (10th generation), appium:wdaLaunchTimeout=20000, appium:platformVersion=17.2, appium:app=/Users/qa/IdeaProjects/VCShowroomAppiumBDDFramework//src//test//java//resources//VCShowroomApp_Stage.app}], desiredCapabilities=Capabilities {appium:app: /Users/qa/IdeaProjects/VCSh..., appium:automationName: XCuiTest, appium:deviceName: iPad (10th generation), appium:platformVersion: 17.2, appium:wdaLaunchTimeout: 20000, platformName: IOS}}]
Capabilities {appium:app: /Users/qa/IdeaProjects/VCSh..., appium:automationName: XCuiTest, appium:deviceName: iPad (10th generation), appium:platformVersion: 17.2, appium:wdaLaunchTimeout: 20000, platformName: IOS}" type="org.openqa.selenium.SessionNotCreatedException">
      <![CDATA[org.openqa.selenium.SessionNotCreatedException: Could not start a new session. Response code 500. Message: An unknown server-side error occurred while processing the command. Original error: The application at '/Users/qa/IdeaProjects/VCShowroomAppiumBDDFramework//src//test//java//resources//VCShowroomApp_Stage.app' does not exist or is not accessible 
Host info: host: 'RysunLabss-Pune-1626-Mac-mini.local', ip: '127.0.0.1'
Build info: version: '4.19.1', revision: 'abe0ee07dc'
System info: os.name: 'Mac OS X', os.arch: 'aarch64', os.version: '14.2.1', java.version: '21.0.2'
Driver info: io.appium.java_client.ios.IOSDriver
Command: [null, newSession {capabilities=[{platformName=IOS, appium:automationName=XCuiTest, appium:deviceName=iPad (10th generation), appium:wdaLaunchTimeout=20000, appium:platformVersion=17.2, appium:app=/Users/qa/IdeaProjects/VCShowroomAppiumBDDFramework//src//test//java//resources//VCShowroomApp_Stage.app}], desiredCapabilities=Capabilities {appium:app: /Users/qa/IdeaProjects/VCSh..., appium:automationName: XCuiTest, appium:deviceName: iPad (10th generation), appium:platformVersion: 17.2, appium:wdaLaunchTimeout: 20000, platformName: IOS}}]
Capabilities {appium:app: /Users/qa/IdeaProjects/VCSh..., appium:automationName: XCuiTest, appium:deviceName: iPad (10th generation), appium:platformVersion: 17.2, appium:wdaLaunchTimeout: 20000, platformName: IOS}
at org.openqa.selenium.remote.ProtocolHandshake.createSession(ProtocolHandshake.java:114)
at java.base/jdk.internal.reflect.DirectMethodHandleAccessor.invoke(DirectMethodHandleAccessor.java:103)
at java.base/java.lang.reflect.Method.invoke(Method.java:580)
at io.appium.java_client.remote.AppiumProtocolHandshake.createSession(AppiumProtocolHandshake.java:116)
at io.appium.java_client.remote.AppiumProtocolHandshake.createSession(AppiumProtocolHandshake.java:96)
at io.appium.java_client.remote.AppiumCommandExecutor.createSession(AppiumCommandExecutor.java:176)
at io.appium.java_client.remote.AppiumCommandExecutor.execute(AppiumCommandExecutor.java:237)
at org.openqa.selenium.remote.RemoteWebDriver.execute(RemoteWebDriver.java:518)
at io.appium.java_client.AppiumDriver.startSession(AppiumDriver.java:268)
at org.openqa.selenium.remote.RemoteWebDriver.<init>(RemoteWebDriver.java:161)
at io.appium.java_client.AppiumDriver.<init>(AppiumDriver.java:90)
at io.appium.java_client.AppiumDriver.<init>(AppiumDriver.java:102)
at io.appium.java_client.ios.IOSDriver.<init>(IOSDriver.java:101)
at testUtils.IOSBaseTest.ConfigurationAppium(IOSBaseTest.java:72)
at stepDefinitions.InstallAppStepDef.user_has_installed_the_i_os_mobile_app(InstallAppStepDef.java:13)
at ✽.User has installed the iOS mobile app(file:///Users/qa/IdeaProjects/VCShowroomAppiumBDDFramework/src/test/resources/features/E2EVCSmokeTC.feature:5)
]]>
    </error>
  </testcase> <!-- runScenario -->
</testsuite> <!-- runner.TestRunner -->
